<?xml version="1.0" encoding="UTF-8"?>
<testsuite name="ScrabbleTest" tests="2" skipped="0" failures="0" errors="0" timestamp="2016-02-09T18:16:28" hostname="epicodus-62.local" time="0.002">
  <properties/>
  <testcase name="getScore_forUserInputA_returnsScore1" classname="ScrabbleTest" time="0.001"/>
  <testcase name="getScore_forUserInputD_returnsScore2" classname="ScrabbleTest" time="0.0"/>
  <system-out><![CDATA[]]></system-out>
  <system-err><![CDATA[]]></system-err>
</testsuite>
